<?xml version="1.0" encoding="UTF-8"?>
<testng-results ignored="0" total="1" passed="1" failed="0" skipped="0">
  <reporter-output>
  </reporter-output>
  <suite started-at="2026-08-06T13:37:27 IST" name="Default suite" finished-at="2026-08-06T13:37:38 IST" duration-ms="10288">
    <groups>
    </groups>
    <test started-at="2026-08-06T13:37:27 IST" name="Default test" finished-at="2026-08-06T13:37:38 IST" duration-ms="10288">
      <class name="TestClass.LoginTest">
        <test-method is-config="true" signature="setup()[pri:0, instance:TestClass.LoginTest@33d512c1]" started-at="2026-08-06T13:37:27 IST" name="setup" finished-at="2026-08-06T13:37:37 IST" duration-ms="9764" status="PASS">
          <reporter-output>
          </reporter-output>
        </test-method> <!-- setup -->
        <test-method signature="verifylogin()[pri:0, instance:TestClass.LoginTest@33d512c1]" started-at="2026-08-06T13:37:37 IST" name="verifylogin" finished-at="2026-08-06T13:37:37 IST" duration-ms="276" status="PASS">
          <reporter-output>
          </reporter-output>
        </test-method> <!-- verifylogin -->
        <test-method is-config="true" signature="teardown()[pri:0, instance:TestClass.LoginTest@33d512c1]" started-at="2026-08-06T13:37:37 IST" name="teardown" finished-at="2026-08-06T13:37:38 IST" duration-ms="205" status="PASS">
          <reporter-output>
          </reporter-output>
        </test-method> <!-- teardown -->
      </class> <!-- TestClass.LoginTest -->
    </test> <!-- Default test -->
  </suite> <!-- Default suite -->
</testng-results>
